<?xml version="1.0" encoding="UTF-8"?>
<!-- Generated by org.testng.reporters.JUnitXMLReporter -->
<testsuite ignored="2" hostname="IN-3KKJ1J3" failures="0" tests="1" name="Test" time="6.436" errors="0" timestamp="2023-04-13T15:37:43 IST">
  <testcase classname="insuranceCalculation_motorcycle.ErrorTests_motorcycle" name="verifyModelDropdownOptions" time="1.573"/>
  <testcase classname="insuranceCalculation_motorcycle.ErrorTests_motorcycle" name="errorMessage_PayloadField1" time="0.0">
    <ignored/>
  </testcase> <!-- errorMessage_PayloadField1 -->
  <testcase classname="insuranceCalculation_motorcycle.ErrorTests_motorcycle" name="errorMessage_PayloadField" time="0.0">
    <ignored/>
  </testcase> <!-- errorMessage_PayloadField -->
</testsuite> <!-- Test -->
