<?xml version="1.0" encoding="UTF-8"?>
<!-- Generated by org.testng.reporters.JUnitXMLReporter -->
<testsuite ignored="0" hostname="IN-3KKJ1J3" failures="1" tests="3" name="Test" time="91.201" errors="0" timestamp="2023-04-13T16:23:39 IST">
  <testcase classname="insuranceCalculation_motorcycle.ErrorTests_motorcycle" name="errorMessage_PayloadField" time="1.519"/>
  <testcase classname="insuranceCalculation_motorcycle.ErrorTests_motorcycle" name="errorMessage_PayloadField1" time="1.619">
    <failure type="java.lang.AssertionError" message="expected [dummy] but found [Must be a number between 1 and 2000]">
      <![CDATA[java.lang.AssertionError: expected [dummy] but found [Must be a number between 1 and 2000]
at insuranceCalculation_motorcycle.ErrorTests_motorcycle.errorMessage_PayloadField1(ErrorTests_motorcycle.java:32)
at java.base/java.util.ArrayList.forEach(ArrayList.java:1540)
... Removed 37 stack frames]]>
    </failure>
  </testcase> <!-- errorMessage_PayloadField1 -->
  <testcase classname="insuranceCalculation_motorcycle.ErrorTests_motorcycle" name="verifyModelDropdownOptions" time="1.504"/>
</testsuite> <!-- Test -->
