<?xml version="1.0" encoding="UTF-8"?>
<testng-results ignored="2" total="3" passed="1" failed="0" skipped="0">
  <reporter-output>
  </reporter-output>
  <suite started-at="2023-04-13T15:37:37 IST" name="Suite" finished-at="2023-04-13T15:37:43 IST" duration-ms="6436">
    <groups>
    </groups>
    <test started-at="2023-04-13T15:37:37 IST" name="Test" finished-at="2023-04-13T15:37:43 IST" duration-ms="6436">
      <class name="insuranceCalculation_motorcycle.ErrorTests_motorcycle">
        <test-method is-config="true" signature="LaunchBrowserAndNavigate()[pri:0, instance:insuranceCalculation_motorcycle.ErrorTests_motorcycle@1b2abca6]" started-at="2023-04-13T15:37:37 IST" name="LaunchBrowserAndNavigate" finished-at="2023-04-13T15:37:41 IST" duration-ms="3988" status="PASS">
          <reporter-output>
          </reporter-output>
        </test-method> <!-- LaunchBrowserAndNavigate -->
        <test-method signature="verifyModelDropdownOptions()[pri:0, instance:insuranceCalculation_motorcycle.ErrorTests_motorcycle@1b2abca6]" started-at="2023-04-13T15:37:41 IST" name="verifyModelDropdownOptions" finished-at="2023-04-13T15:37:43 IST" duration-ms="1573" status="PASS">
          <reporter-output>
          </reporter-output>
        </test-method> <!-- verifyModelDropdownOptions -->
        <test-method is-config="true" signature="cleanUp()[pri:0, instance:insuranceCalculation_motorcycle.ErrorTests_motorcycle@1b2abca6]" started-at="2023-04-13T15:37:43 IST" name="cleanUp" finished-at="2023-04-13T15:37:43 IST" duration-ms="627" status="PASS">
          <reporter-output>
          </reporter-output>
        </test-method> <!-- cleanUp -->
      </class> <!-- insuranceCalculation_motorcycle.ErrorTests_motorcycle -->
    </test> <!-- Test -->
  </suite> <!-- Suite -->
</testng-results>
