-------------------------------------------------------------------------------
Test set: TestSuite
-------------------------------------------------------------------------------
Tests run: 3, Failures: 1, Errors: 0, Skipped: 0, Time elapsed: 92.334 s <<< FAILURE! - in TestSuite
errorMessage_PayloadField1(insuranceCalculation_motorcycle.ErrorTests_motorcycle)  Time elapsed: 1.882 s  <<< FAILURE!
java.lang.AssertionError: expected [dummy] but found [Must be a number between 1 and 2000]
	at insuranceCalculation_motorcycle.ErrorTests_motorcycle.errorMessage_PayloadField1(ErrorTests_motorcycle.java:32)

