<?xml version="1.0" encoding="UTF-8"?>
<testsuite xmlns:xsi="http://www.w3.org/2001/XMLSchema-instance" xsi:noNamespaceSchemaLocation="https://maven.apache.org/surefire/maven-surefire-plugin/xsd/surefire-test-report.xsd" name="TestSuite" time="92.334" tests="3" errors="0" skipped="0" failures="1">
  <properties>
[...]
</properties>
  <testcase name="errorMessage_PayloadField" classname="insuranceCalculation_motorcycle.ErrorTests_motorcycle" time="1.527"/>
  <testcase name="errorMessage_PayloadField1" classname="insuranceCalculation_motorcycle.ErrorTests_motorcycle" time="1.882">
    <failure message="expected [dummy] but found [Must be a number between 1 and 2000]" type="java.lang.AssertionError">java.lang.AssertionError: expected [dummy] but found [Must be a number between 1 and 2000]
	at insuranceCalculation_motorcycle.ErrorTests_motorcycle.errorMessage_PayloadField1(ErrorTests_motorcycle.java:32)
</failure>
    <system-out><![CDATA[[INFO ] 13-04-2023 16:23:29.126 [main] LogUtil - Browser is Launched successfully
]]></system-out>
    <system-err><![CDATA[Starting ChromeDriver 112.0.5615.49 (bd2a7bcb881c11e8cfe3078709382934e3916914-refs/branch-heads/5615@{#936}) on port 23607
Only local connections are allowed.
Please see https://chromedriver.chromium.org/security-considerations for suggestions on keeping ChromeDriver safe.
ChromeDriver was started successfully.
Apr 13, 2023 4:23:28 PM org.openqa.selenium.devtools.CdpVersionFinder findNearestMatch
WARNING: Unable to find an exact match for CDP version 112, so returning the closest version found: 111
]]></system-err>
  </testcase>
  <testcase name="verifyModelDropdownOptions" classname="insuranceCalculation_motorcycle.ErrorTests_motorcycle" time="1.504"/>
</testsuite>